[debug] [2021-08-14T08:40:14.638Z] ----------------------------------------------------------------------
[debug] [2021-08-14T08:40:14.682Z] Command:       C:\Program Files\nodejs\node.exe C:\Users\clinton\AppData\Roaming\npm\node_modules\firebase-tools\lib\bin\firebase.js emulators:start
[debug] [2021-08-14T08:40:14.684Z] CLI Version:   9.16.0
[debug] [2021-08-14T08:40:14.684Z] Platform:      win32
[debug] [2021-08-14T08:40:14.685Z] Node Version:  v14.15.5
[debug] [2021-08-14T08:40:15.076Z] Time:          Sat Aug 14 2021 09:40:14 GMT+0100 (West Africa Standard Time)
[debug] [2021-08-14T08:40:15.077Z] ----------------------------------------------------------------------
[debug] 
[debug] [2021-08-14T08:40:15.459Z] > command requires scopes: ["email","openid","https://www.googleapis.com/auth/cloudplatformprojects.readonly","https://www.googleapis.com/auth/firebase","https://www.googleapis.com/auth/cloud-platform"]
[debug] [2021-08-14T08:40:15.460Z] > authorizing via signed-in user (mbiakopclinton@gmail.com)
[info] i  emulators: Starting emulators: functions {"metadata":{"emulator":{"name":"hub"},"message":"Starting emulators: functions"}}
[debug] [2021-08-14T08:40:16.319Z] [hub] writing locator at C:\Users\clinton\AppData\Local\Temp\hub-clon-12f6a.json
[warn] !  functions: The following emulators are not running, calls to these services from the Functions emulator will affect production: auth, firestore, database, hosting, pubsub, storage {"metadata":{"emulator":{"name":"functions"},"message":"The following emulators are not running, calls to these services from the Functions emulator will affect production: \u001b[1mauth, firestore, database, hosting, pubsub, storage\u001b[22m"}}
[info] +  functions: Using node@14 from host. {"metadata":{"emulator":{"name":"functions"},"message":"Using node@14 from host."}}
[debug] [2021-08-14T08:40:30.492Z] defaultcredentials: writing to file C:\Users\clinton\AppData\Roaming\firebase\mbiakopclinton_gmail_com_application_default_credentials.json
[debug] [2021-08-14T08:40:30.504Z] Setting GAC to C:\Users\clinton\AppData\Roaming\firebase\mbiakopclinton_gmail_com_application_default_credentials.json {"metadata":{"emulator":{"name":"functions"},"message":"Setting GAC to C:\\Users\\clinton\\AppData\\Roaming\\firebase\\mbiakopclinton_gmail_com_application_default_credentials.json"}}
[debug] [2021-08-14T08:40:30.511Z] > refreshing access token with scopes: []
[debug] [2021-08-14T08:40:30.514Z] >>> HTTP REQUEST POST https://www.googleapis.com/oauth2/v3/token  
 <request body omitted>
[debug] [2021-08-14T08:41:35.030Z] Failed to get Admin SDK config for clon-12f6a, falling back to cache Failed to get Admin SDK for Firebase project clon-12f6a. Please make sure the project exists and your account has permission to access it. {"name":"FirebaseError","children":[],"exit":2,"message":"Failed to get Admin SDK for Firebase project clon-12f6a. Please make sure the project exists and your account has permission to access it.","original":{"name":"FirebaseError","children":[],"exit":1,"message":"Authentication Error: Your credentials are no longer valid. Please run \u001b[1mfirebase login --reauth\u001b[22m\n\nFor CI servers and headless environments, generate a new token with \u001b[1mfirebase login:ci\u001b[22m","status":500},"status":500}
[debug] [2021-08-14T08:41:35.415Z] Ignoring unsupported arg: auto_download {"metadata":{"emulator":{"name":"ui"},"message":"Ignoring unsupported arg: auto_download"}}
[debug] [2021-08-14T08:41:35.416Z] Ignoring unsupported arg: port {"metadata":{"emulator":{"name":"ui"},"message":"Ignoring unsupported arg: port"}}
[debug] [2021-08-14T08:41:35.416Z] Starting Emulator UI with command {"binary":"node","args":["C:\\Users\\clinton\\.cache\\firebase\\emulators\\ui-v1.6.0\\server.bundle.js"],"optionalArgs":[],"joinArgs":false} {"metadata":{"emulator":{"name":"ui"},"message":"Starting Emulator UI with command {\"binary\":\"node\",\"args\":[\"C:\\\\Users\\\\clinton\\\\.cache\\\\firebase\\\\emulators\\\\ui-v1.6.0\\\\server.bundle.js\"],\"optionalArgs\":[],\"joinArgs\":false}"}}
[info] i  ui: Emulator UI logging to ui-debug.log {"metadata":{"emulator":{"name":"ui"},"message":"Emulator UI logging to \u001b[1mui-debug.log\u001b[22m"}}
[debug] [2021-08-14T08:41:39.627Z] Web / API server started at localhost:4000
 {"metadata":{"emulator":{"name":"ui"},"message":"Web / API server started at localhost:4000\n"}}
[info] i  functions: Watching "D:\react\amazon-clone\functions" for Cloud Functions... {"metadata":{"emulator":{"name":"functions"},"message":"Watching \"D:\\react\\amazon-clone\\functions\" for Cloud Functions..."}}
[debug] [2021-08-14T08:41:40.160Z] [worker-pool] addWorker(~diagnostic~) {"metadata":{"emulator":{"name":"functions"},"message":"[worker-pool] addWorker(~diagnostic~)"}}
[debug] [2021-08-14T08:41:40.161Z] [worker-pool] Adding worker with key ~diagnostic~, total=1 {"metadata":{"emulator":{"name":"functions"},"message":"[worker-pool] Adding worker with key ~diagnostic~, total=1"}}
[debug] [2021-08-14T08:41:40.162Z] [worker-pool] submitWork(triggerId=) {"metadata":{"emulator":{"name":"functions"},"message":"[worker-pool] submitWork(triggerId=)"}}
[debug] [2021-08-14T08:41:40.163Z] [worker-~diagnostic~-34aeacac-f406-471e-a0b2-cc92f7701db5]: Assigning socketPath: \\?\pipe\D:\react\amazon-clone\functions\8900 {"metadata":{"emulator":{"name":"functions"},"message":"[worker-~diagnostic~-34aeacac-f406-471e-a0b2-cc92f7701db5]: Assigning socketPath: \\\\?\\pipe\\D:\\react\\amazon-clone\\functions\\8900"}}
[debug] [2021-08-14T08:41:40.164Z] [worker-~diagnostic~-34aeacac-f406-471e-a0b2-cc92f7701db5]: BUSY {"metadata":{"emulator":{"name":"functions"},"message":"[worker-~diagnostic~-34aeacac-f406-471e-a0b2-cc92f7701db5]: BUSY"}}
[debug] [2021-08-14T08:41:46.906Z] [runtime-status] [8900] Functions runtime initialized. {"cwd":"D:\\react\\amazon-clone\\functions","node_version":"14.15.5"} {"metadata":{"emulator":{"name":"functions"},"message":"[runtime-status] [8900] Functions runtime initialized. {\"cwd\":\"D:\\\\react\\\\amazon-clone\\\\functions\",\"node_version\":\"14.15.5\"}"}}
[debug] [2021-08-14T08:41:46.909Z] [runtime-status] [8900] Disabled runtime features: undefined {"metadata":{"emulator":{"name":"functions"},"message":"[runtime-status] [8900] Disabled runtime features: undefined"}}
[debug] [2021-08-14T08:41:47.164Z] [runtime-status] [8900] Resolved module firebase-admin {"declared":true,"installed":true,"version":"9.11.0","resolution":"D:\\react\\amazon-clone\\functions\\node_modules\\firebase-admin\\lib\\index.js"} {"metadata":{"emulator":{"name":"functions"},"message":"[runtime-status] [8900] Resolved module firebase-admin {\"declared\":true,\"installed\":true,\"version\":\"9.11.0\",\"resolution\":\"D:\\\\react\\\\amazon-clone\\\\functions\\\\node_modules\\\\firebase-admin\\\\lib\\\\index.js\"}"}}
[debug] [2021-08-14T08:41:47.246Z] [runtime-status] [8900] Resolved module firebase-functions {"declared":true,"installed":true,"version":"3.15.2","resolution":"D:\\react\\amazon-clone\\functions\\node_modules\\firebase-functions\\lib\\index.js"} {"metadata":{"emulator":{"name":"functions"},"message":"[runtime-status] [8900] Resolved module firebase-functions {\"declared\":true,\"installed\":true,\"version\":\"3.15.2\",\"resolution\":\"D:\\\\react\\\\amazon-clone\\\\functions\\\\node_modules\\\\firebase-functions\\\\lib\\\\index.js\"}"}}
[debug] [2021-08-14T08:41:47.267Z] [runtime-status] [8900] Resolved module firebase-functions {"declared":true,"installed":true,"version":"3.15.2","resolution":"D:\\react\\amazon-clone\\functions\\node_modules\\firebase-functions\\lib\\index.js"} {"metadata":{"emulator":{"name":"functions"},"message":"[runtime-status] [8900] Resolved module firebase-functions {\"declared\":true,\"installed\":true,\"version\":\"3.15.2\",\"resolution\":\"D:\\\\react\\\\amazon-clone\\\\functions\\\\node_modules\\\\firebase-functions\\\\lib\\\\index.js\"}"}}
[debug] [2021-08-14T08:41:47.275Z] [runtime-status] [8900] Outgoing network have been stubbed. [{"name":"http","status":"mocked"},{"name":"http","status":"mocked"},{"name":"https","status":"mocked"},{"name":"https","status":"mocked"},{"name":"net","status":"mocked"}] {"metadata":{"emulator":{"name":"functions"},"message":"[runtime-status] [8900] Outgoing network have been stubbed. [{\"name\":\"http\",\"status\":\"mocked\"},{\"name\":\"http\",\"status\":\"mocked\"},{\"name\":\"https\",\"status\":\"mocked\"},{\"name\":\"https\",\"status\":\"mocked\"},{\"name\":\"net\",\"status\":\"mocked\"}]"}}
[debug] [2021-08-14T08:41:47.282Z] [runtime-status] [8900] Resolved module firebase-functions {"declared":true,"installed":true,"version":"3.15.2","resolution":"D:\\react\\amazon-clone\\functions\\node_modules\\firebase-functions\\lib\\index.js"} {"metadata":{"emulator":{"name":"functions"},"message":"[runtime-status] [8900] Resolved module firebase-functions {\"declared\":true,\"installed\":true,\"version\":\"3.15.2\",\"resolution\":\"D:\\\\react\\\\amazon-clone\\\\functions\\\\node_modules\\\\firebase-functions\\\\lib\\\\index.js\"}"}}
[debug] [2021-08-14T08:41:49.569Z] [runtime-status] [8900] Checked functions.config() {"config":{}} {"metadata":{"emulator":{"name":"functions"},"message":"[runtime-status] [8900] Checked functions.config() {\"config\":{}}"}}
[debug] [2021-08-14T08:41:49.572Z] [runtime-status] [8900] firebase-functions has been stubbed. {"functionsResolution":{"declared":true,"installed":true,"version":"3.15.2","resolution":"D:\\react\\amazon-clone\\functions\\node_modules\\firebase-functions\\lib\\index.js"}} {"metadata":{"emulator":{"name":"functions"},"message":"[runtime-status] [8900] firebase-functions has been stubbed. {\"functionsResolution\":{\"declared\":true,\"installed\":true,\"version\":\"3.15.2\",\"resolution\":\"D:\\\\react\\\\amazon-clone\\\\functions\\\\node_modules\\\\firebase-functions\\\\lib\\\\index.js\"}}"}}
[debug] [2021-08-14T08:41:49.579Z] [runtime-status] [8900] Resolved module firebase-functions {"declared":true,"installed":true,"version":"3.15.2","resolution":"D:\\react\\amazon-clone\\functions\\node_modules\\firebase-functions\\lib\\index.js"} {"metadata":{"emulator":{"name":"functions"},"message":"[runtime-status] [8900] Resolved module firebase-functions {\"declared\":true,\"installed\":true,\"version\":\"3.15.2\",\"resolution\":\"D:\\\\react\\\\amazon-clone\\\\functions\\\\node_modules\\\\firebase-functions\\\\lib\\\\index.js\"}"}}
[debug] [2021-08-14T08:41:49.587Z] [runtime-status] [8900] Resolved module firebase-admin {"declared":true,"installed":true,"version":"9.11.0","resolution":"D:\\react\\amazon-clone\\functions\\node_modules\\firebase-admin\\lib\\index.js"} {"metadata":{"emulator":{"name":"functions"},"message":"[runtime-status] [8900] Resolved module firebase-admin {\"declared\":true,\"installed\":true,\"version\":\"9.11.0\",\"resolution\":\"D:\\\\react\\\\amazon-clone\\\\functions\\\\node_modules\\\\firebase-admin\\\\lib\\\\index.js\"}"}}
[debug] [2021-08-14T08:41:49.593Z] [runtime-status] [8900] Resolved module firebase-functions {"declared":true,"installed":true,"version":"3.15.2","resolution":"D:\\react\\amazon-clone\\functions\\node_modules\\firebase-functions\\lib\\index.js"} {"metadata":{"emulator":{"name":"functions"},"message":"[runtime-status] [8900] Resolved module firebase-functions {\"declared\":true,\"installed\":true,\"version\":\"3.15.2\",\"resolution\":\"D:\\\\react\\\\amazon-clone\\\\functions\\\\node_modules\\\\firebase-functions\\\\lib\\\\index.js\"}"}}
[debug] [2021-08-14T08:41:49.595Z] [runtime-status] [8900] firebase-admin has been stubbed. {"adminResolution":{"declared":true,"installed":true,"version":"9.11.0","resolution":"D:\\react\\amazon-clone\\functions\\node_modules\\firebase-admin\\lib\\index.js"}} {"metadata":{"emulator":{"name":"functions"},"message":"[runtime-status] [8900] firebase-admin has been stubbed. {\"adminResolution\":{\"declared\":true,\"installed\":true,\"version\":\"9.11.0\",\"resolution\":\"D:\\\\react\\\\amazon-clone\\\\functions\\\\node_modules\\\\firebase-admin\\\\lib\\\\index.js\"}}"}}
[warn] !  Error: Cannot find module 'stripe'
Require stack:
- D:\react\amazon-clone\functions\index.js
- C:\Users\clinton\AppData\Roaming\npm\node_modules\firebase-tools\lib\emulator\functionsEmulatorRuntime.js
    at Function.Module._resolveFilename (internal/modules/cjs/loader.js:880:15)
    at Function.Module._load (internal/modules/cjs/loader.js:725:27)
    at Module.require (internal/modules/cjs/loader.js:952:19)
    at require (internal/modules/cjs/helpers.js:88:18)
    at Object.<anonymous> (D:\react\amazon-clone\functions\index.js:5:16)
    at Module._compile (internal/modules/cjs/loader.js:1063:30)
    at Object.Module._extensions..js (internal/modules/cjs/loader.js:1092:10)
    at Module.load (internal/modules/cjs/loader.js:928:32)
    at Function.Module._load (internal/modules/cjs/loader.js:769:14)
    at Module.require (internal/modules/cjs/loader.js:952:19) {"metadata":{"emulator":{"name":"functions"},"message":"Error: Cannot find module 'stripe'\nRequire stack:\n- D:\\react\\amazon-clone\\functions\\index.js\n- C:\\Users\\clinton\\AppData\\Roaming\\npm\\node_modules\\firebase-tools\\lib\\emulator\\functionsEmulatorRuntime.js\n    at Function.Module._resolveFilename (internal/modules/cjs/loader.js:880:15)\n    at Function.Module._load (internal/modules/cjs/loader.js:725:27)\n    at Module.require (internal/modules/cjs/loader.js:952:19)\n    at require (internal/modules/cjs/helpers.js:88:18)\n    at Object.<anonymous> (D:\\react\\amazon-clone\\functions\\index.js:5:16)\n    at Module._compile (internal/modules/cjs/loader.js:1063:30)\n    at Object.Module._extensions..js (internal/modules/cjs/loader.js:1092:10)\n    at Module.load (internal/modules/cjs/loader.js:928:32)\n    at Function.Module._load (internal/modules/cjs/loader.js:769:14)\n    at Module.require (internal/modules/cjs/loader.js:952:19)"}}
[warn] !  We were unable to load your functions code. (see above) {"metadata":{"emulator":{"name":"functions"}}}
[debug] [2021-08-14T08:41:55.321Z] [worker-~diagnostic~-34aeacac-f406-471e-a0b2-cc92f7701db5]: exited {"metadata":{"emulator":{"name":"functions"},"message":"[worker-~diagnostic~-34aeacac-f406-471e-a0b2-cc92f7701db5]: exited"}}
[debug] [2021-08-14T08:41:55.322Z] [worker-~diagnostic~-34aeacac-f406-471e-a0b2-cc92f7701db5]: FINISHED {"metadata":{"emulator":{"name":"functions"},"message":"[worker-~diagnostic~-34aeacac-f406-471e-a0b2-cc92f7701db5]: FINISHED"}}
